2021-10-03 02:57:25,969 : info : INFO : User trying to SignUp
2021-10-03 02:57:25,969 : info : INFO : User trying to SignUp
2021-10-03 02:57:25,969 : info : INFO : User trying to SignUp
2021-10-03 02:57:25,969 : info : INFO : User trying to SignUp
2021-10-03 02:57:25,969 : info : INFO : User trying to SignUp
2021-10-03 02:57:49,978 : info : INFO : User create Succesfully
2021-10-03 02:57:49,978 : info : INFO : User create Succesfully
2021-10-03 02:57:49,978 : info : INFO : User create Succesfully
2021-10-03 02:57:49,978 : info : INFO : User create Succesfully
2021-10-03 02:57:49,978 : info : INFO : User create Succesfully
2021-10-03 02:57:49,978 : info : INFO : User Login Succesfully
2021-10-03 02:57:49,978 : info : INFO : User Login Succesfully
2021-10-03 02:57:49,978 : info : INFO : User Login Succesfully
2021-10-03 02:57:49,978 : info : INFO : User Login Succesfully
2021-10-03 02:57:49,978 : info : INFO : User Login Succesfully
2021-10-03 02:57:58,625 : info : INFO : User select Search function
2021-10-03 02:57:58,625 : info : INFO : User select Search function
2021-10-03 02:57:58,625 : info : INFO : User select Search function
2021-10-03 02:57:58,625 : info : INFO : User select Search function
2021-10-03 02:57:58,625 : info : INFO : User select Search function
2021-10-03 02:58:10,881 : info : INFO : Accept file name for Search Succesfully
2021-10-03 02:58:10,881 : info : INFO : Accept file name for Search Succesfully
2021-10-03 02:58:10,881 : info : INFO : Accept file name for Search Succesfully
2021-10-03 02:58:10,881 : info : INFO : Accept file name for Search Succesfully
2021-10-03 02:58:10,881 : info : INFO : Accept file name for Search Succesfully
2021-10-03 02:58:15,299 : info : INFO : Result not found in Database
2021-10-03 02:58:15,299 : info : INFO : Result not found in Database
2021-10-03 02:58:15,299 : info : INFO : Result not found in Database
2021-10-03 02:58:15,299 : info : INFO : Result not found in Database
2021-10-03 02:58:15,299 : info : INFO : Result not found in Database
2021-10-03 02:58:23,858 : info : INFO : Result found in Drive
2021-10-03 02:58:23,858 : info : INFO : Result found in Drive
2021-10-03 02:58:23,858 : info : INFO : Result found in Drive
2021-10-03 02:58:23,858 : info : INFO : Result found in Drive
2021-10-03 02:58:23,858 : info : INFO : Result found in Drive
2021-10-03 02:58:23,859 : info : INFO : User select all drive to search file 
2021-10-03 02:58:23,859 : info : INFO : User select all drive to search file 
2021-10-03 02:58:23,859 : info : INFO : User select all drive to search file 
2021-10-03 02:58:23,859 : info : INFO : User select all drive to search file 
2021-10-03 02:58:23,859 : info : INFO : User select all drive to search file 
2021-10-03 02:58:52,225 : info : INFO : User select Search function
2021-10-03 02:58:52,225 : info : INFO : User select Search function
2021-10-03 02:58:52,225 : info : INFO : User select Search function
2021-10-03 02:58:52,225 : info : INFO : User select Search function
2021-10-03 02:58:52,225 : info : INFO : User select Search function
2021-10-03 02:59:12,534 : info : INFO : Accept file name for Search Succesfully
2021-10-03 02:59:12,534 : info : INFO : Accept file name for Search Succesfully
2021-10-03 02:59:12,534 : info : INFO : Accept file name for Search Succesfully
2021-10-03 02:59:12,534 : info : INFO : Accept file name for Search Succesfully
2021-10-03 02:59:12,534 : info : INFO : Accept file name for Search Succesfully
2021-10-03 02:59:17,944 : info : INFO : Result found in Database
2021-10-03 02:59:17,944 : info : INFO : Result found in Database
2021-10-03 02:59:17,944 : info : INFO : Result found in Database
2021-10-03 02:59:17,944 : info : INFO : Result found in Database
2021-10-03 02:59:17,944 : info : INFO : Result found in Database
2021-10-03 02:59:17,945 : info : INFO : User select D: drive to search file 
2021-10-03 02:59:17,945 : info : INFO : User select D: drive to search file 
2021-10-03 02:59:17,945 : info : INFO : User select D: drive to search file 
2021-10-03 02:59:17,945 : info : INFO : User select D: drive to search file 
2021-10-03 02:59:17,945 : info : INFO : User select D: drive to search file 
2021-10-03 02:59:32,735 : info : INFO : User select Search function
2021-10-03 02:59:32,735 : info : INFO : User select Search function
2021-10-03 02:59:32,735 : info : INFO : User select Search function
2021-10-03 02:59:32,735 : info : INFO : User select Search function
2021-10-03 02:59:32,735 : info : INFO : User select Search function
2021-10-03 02:59:43,848 : info : INFO : Accept file name for Search Succesfully
2021-10-03 02:59:43,848 : info : INFO : Accept file name for Search Succesfully
2021-10-03 02:59:43,848 : info : INFO : Accept file name for Search Succesfully
2021-10-03 02:59:43,848 : info : INFO : Accept file name for Search Succesfully
2021-10-03 02:59:43,848 : info : INFO : Accept file name for Search Succesfully
2021-10-03 02:59:49,301 : info : INFO : Result found in Database
2021-10-03 02:59:49,301 : info : INFO : Result found in Database
2021-10-03 02:59:49,301 : info : INFO : Result found in Database
2021-10-03 02:59:49,301 : info : INFO : Result found in Database
2021-10-03 02:59:49,301 : info : INFO : Result found in Database
2021-10-03 02:59:49,301 : info : INFO : User select E: drive to search file 
2021-10-03 02:59:49,301 : info : INFO : User select E: drive to search file 
2021-10-03 02:59:49,301 : info : INFO : User select E: drive to search file 
2021-10-03 02:59:49,301 : info : INFO : User select E: drive to search file 
2021-10-03 02:59:49,301 : info : INFO : User select E: drive to search file 
2021-10-03 03:00:01,076 : info : INFO : User select Delete function
2021-10-03 03:00:01,076 : info : INFO : User select Delete function
2021-10-03 03:00:01,076 : info : INFO : User select Delete function
2021-10-03 03:00:01,076 : info : INFO : User select Delete function
2021-10-03 03:00:01,076 : info : INFO : User select Delete function
2021-10-03 03:00:33,661 : info : INFO : Accept file name for Delete file from database Succesfully!
2021-10-03 03:00:33,661 : info : INFO : Accept file name for Delete file from database Succesfully!
2021-10-03 03:00:33,661 : info : INFO : Accept file name for Delete file from database Succesfully!
2021-10-03 03:00:33,661 : info : INFO : Accept file name for Delete file from database Succesfully!
2021-10-03 03:00:33,661 : info : INFO : Accept file name for Delete file from database Succesfully!
2021-10-03 03:00:33,862 : info : INFO : User Delete filename Succesfully
2021-10-03 03:00:33,862 : info : INFO : User Delete filename Succesfully
2021-10-03 03:00:33,862 : info : INFO : User Delete filename Succesfully
2021-10-03 03:00:33,862 : info : INFO : User Delete filename Succesfully
2021-10-03 03:00:33,862 : info : INFO : User Delete filename Succesfully
2021-10-03 03:00:47,608 : info : INFO : User select Search function
2021-10-03 03:00:47,608 : info : INFO : User select Search function
2021-10-03 03:00:47,608 : info : INFO : User select Search function
2021-10-03 03:00:47,608 : info : INFO : User select Search function
2021-10-03 03:00:47,608 : info : INFO : User select Search function
2021-10-03 03:00:52,473 : info : INFO : Accept file name for Search Succesfully
2021-10-03 03:00:52,473 : info : INFO : Accept file name for Search Succesfully
2021-10-03 03:00:52,473 : info : INFO : Accept file name for Search Succesfully
2021-10-03 03:00:52,473 : info : INFO : Accept file name for Search Succesfully
2021-10-03 03:00:52,473 : info : INFO : Accept file name for Search Succesfully
2021-10-03 03:00:55,399 : info : INFO : Result not found in Database
2021-10-03 03:00:55,399 : info : INFO : Result not found in Database
2021-10-03 03:00:55,399 : info : INFO : Result not found in Database
2021-10-03 03:00:55,399 : info : INFO : Result not found in Database
2021-10-03 03:00:55,399 : info : INFO : Result not found in Database
2021-10-03 03:00:59,283 : info : INFO : Result found in Drive
2021-10-03 03:00:59,283 : info : INFO : Result found in Drive
2021-10-03 03:00:59,283 : info : INFO : Result found in Drive
2021-10-03 03:00:59,283 : info : INFO : Result found in Drive
2021-10-03 03:00:59,283 : info : INFO : Result found in Drive
2021-10-03 03:00:59,283 : info : INFO : User select all drive to search file 
2021-10-03 03:00:59,283 : info : INFO : User select all drive to search file 
2021-10-03 03:00:59,283 : info : INFO : User select all drive to search file 
2021-10-03 03:00:59,283 : info : INFO : User select all drive to search file 
2021-10-03 03:00:59,283 : info : INFO : User select all drive to search file 
2021-10-03 03:01:15,633 : info : INFO : User select Transaction History function
2021-10-03 03:01:15,633 : info : INFO : User select Transaction History function
2021-10-03 03:01:15,633 : info : INFO : User select Transaction History function
2021-10-03 03:01:15,633 : info : INFO : User select Transaction History function
2021-10-03 03:01:15,633 : info : INFO : User select Transaction History function
2021-10-03 03:01:20,783 : info : INFO : User select All Transaction History
2021-10-03 03:01:20,783 : info : INFO : User select All Transaction History
2021-10-03 03:01:20,783 : info : INFO : User select All Transaction History
2021-10-03 03:01:20,783 : info : INFO : User select All Transaction History
2021-10-03 03:01:20,783 : info : INFO : User select All Transaction History
2021-10-03 03:01:47,067 : info : INFO : User select Transaction History function
2021-10-03 03:01:47,067 : info : INFO : User select Transaction History function
2021-10-03 03:01:47,067 : info : INFO : User select Transaction History function
2021-10-03 03:01:47,067 : info : INFO : User select Transaction History function
2021-10-03 03:01:47,067 : info : INFO : User select Transaction History function
2021-10-03 03:03:34,636 : info : INFO : User trying to Login
2021-10-03 03:03:34,636 : info : INFO : User trying to Login
2021-10-03 03:03:34,636 : info : INFO : User trying to Login
2021-10-03 03:03:34,636 : info : INFO : User trying to Login
2021-10-03 03:03:34,636 : info : INFO : User trying to Login
2021-10-03 03:04:03,951 : info : INFO : User Login Succesfully
2021-10-03 03:04:03,951 : info : INFO : User Login Succesfully
2021-10-03 03:04:03,951 : info : INFO : User Login Succesfully
2021-10-03 03:04:03,951 : info : INFO : User Login Succesfully
2021-10-03 03:04:03,951 : info : INFO : User Login Succesfully
2021-10-03 03:04:10,780 : info : INFO : User select Transaction History function
2021-10-03 03:04:10,780 : info : INFO : User select Transaction History function
2021-10-03 03:04:10,780 : info : INFO : User select Transaction History function
2021-10-03 03:04:10,780 : info : INFO : User select Transaction History function
2021-10-03 03:04:10,780 : info : INFO : User select Transaction History function
2021-10-03 03:05:28,501 : info : INFO : User trying to Login
2021-10-03 03:05:28,501 : info : INFO : User trying to Login
2021-10-03 03:05:28,501 : info : INFO : User trying to Login
2021-10-03 03:05:28,501 : info : INFO : User trying to Login
2021-10-03 03:05:28,501 : info : INFO : User trying to Login
2021-10-03 03:05:33,896 : info : INFO : User Login Succesfully
2021-10-03 03:05:33,896 : info : INFO : User Login Succesfully
2021-10-03 03:05:33,896 : info : INFO : User Login Succesfully
2021-10-03 03:05:33,896 : info : INFO : User Login Succesfully
2021-10-03 03:05:33,896 : info : INFO : User Login Succesfully
2021-10-03 03:05:35,773 : info : INFO : User select Transaction History function
2021-10-03 03:05:35,773 : info : INFO : User select Transaction History function
2021-10-03 03:05:35,773 : info : INFO : User select Transaction History function
2021-10-03 03:05:35,773 : info : INFO : User select Transaction History function
2021-10-03 03:05:35,773 : info : INFO : User select Transaction History function
2021-10-03 03:07:07,359 : info : INFO : User trying to Login
2021-10-03 03:07:07,359 : info : INFO : User trying to Login
2021-10-03 03:07:07,359 : info : INFO : User trying to Login
2021-10-03 03:07:07,359 : info : INFO : User trying to Login
2021-10-03 03:07:07,359 : info : INFO : User trying to Login
2021-10-03 03:07:14,234 : info : INFO : User Login Succesfully
2021-10-03 03:07:14,234 : info : INFO : User Login Succesfully
2021-10-03 03:07:14,234 : info : INFO : User Login Succesfully
2021-10-03 03:07:14,234 : info : INFO : User Login Succesfully
2021-10-03 03:07:14,234 : info : INFO : User Login Succesfully
2021-10-03 03:07:17,546 : info : INFO : User select Transaction History function
2021-10-03 03:07:17,546 : info : INFO : User select Transaction History function
2021-10-03 03:07:17,546 : info : INFO : User select Transaction History function
2021-10-03 03:07:17,546 : info : INFO : User select Transaction History function
2021-10-03 03:07:17,546 : info : INFO : User select Transaction History function
2021-10-03 03:08:17,033 : info : INFO : User trying to Login
2021-10-03 03:08:17,033 : info : INFO : User trying to Login
2021-10-03 03:08:17,033 : info : INFO : User trying to Login
2021-10-03 03:08:17,033 : info : INFO : User trying to Login
2021-10-03 03:08:17,033 : info : INFO : User trying to Login
2021-10-03 03:08:21,187 : info : INFO : User Login Succesfully
2021-10-03 03:08:21,187 : info : INFO : User Login Succesfully
2021-10-03 03:08:21,187 : info : INFO : User Login Succesfully
2021-10-03 03:08:21,187 : info : INFO : User Login Succesfully
2021-10-03 03:08:21,187 : info : INFO : User Login Succesfully
2021-10-03 03:08:26,508 : info : INFO : User select Transaction History function
2021-10-03 03:08:26,508 : info : INFO : User select Transaction History function
2021-10-03 03:08:26,508 : info : INFO : User select Transaction History function
2021-10-03 03:08:26,508 : info : INFO : User select Transaction History function
2021-10-03 03:08:26,508 : info : INFO : User select Transaction History function
2021-10-03 03:08:33,210 : info : INFO : User select Transaction History between Date
2021-10-03 03:08:33,210 : info : INFO : User select Transaction History between Date
2021-10-03 03:08:33,210 : info : INFO : User select Transaction History between Date
2021-10-03 03:08:33,210 : info : INFO : User select Transaction History between Date
2021-10-03 03:08:33,210 : info : INFO : User select Transaction History between Date
2021-10-03 03:08:59,591 : info : INFO : User select Error Logger function
2021-10-03 03:08:59,591 : info : INFO : User select Error Logger function
2021-10-03 03:08:59,591 : info : INFO : User select Error Logger function
2021-10-03 03:08:59,591 : info : INFO : User select Error Logger function
2021-10-03 03:08:59,591 : info : INFO : User select Error Logger function
2021-10-03 03:09:02,697 : info : INFO : User choose All logger file
2021-10-03 03:09:02,697 : info : INFO : User choose All logger file
2021-10-03 03:09:02,697 : info : INFO : User choose All logger file
2021-10-03 03:09:02,697 : info : INFO : User choose All logger file
2021-10-03 03:09:02,697 : info : INFO : User choose All logger file
2021-10-03 03:10:39,977 : info : INFO : User trying to Login
2021-10-03 03:10:39,977 : info : INFO : User trying to Login
2021-10-03 03:10:39,977 : info : INFO : User trying to Login
2021-10-03 03:10:39,977 : info : INFO : User trying to Login
2021-10-03 03:10:39,977 : info : INFO : User trying to Login
2021-10-03 03:10:44,788 : info : INFO : User Login Succesfully
2021-10-03 03:10:44,788 : info : INFO : User Login Succesfully
2021-10-03 03:10:44,788 : info : INFO : User Login Succesfully
2021-10-03 03:10:44,788 : info : INFO : User Login Succesfully
2021-10-03 03:10:44,788 : info : INFO : User Login Succesfully
2021-10-03 03:10:49,046 : info : INFO : User select Error Logger function
2021-10-03 03:10:49,046 : info : INFO : User select Error Logger function
2021-10-03 03:10:49,046 : info : INFO : User select Error Logger function
2021-10-03 03:10:49,046 : info : INFO : User select Error Logger function
2021-10-03 03:10:49,046 : info : INFO : User select Error Logger function
2021-10-03 03:10:52,096 : info : INFO : User choose All logger file
2021-10-03 03:10:52,096 : info : INFO : User choose All logger file
2021-10-03 03:10:52,096 : info : INFO : User choose All logger file
2021-10-03 03:10:52,096 : info : INFO : User choose All logger file
2021-10-03 03:10:52,096 : info : INFO : User choose All logger file
2021-10-03 03:11:31,372 : info : INFO : User Log Out Succesfully
2021-10-03 03:11:31,372 : info : INFO : User Log Out Succesfully
2021-10-03 03:11:31,372 : info : INFO : User Log Out Succesfully
2021-10-03 03:11:31,372 : info : INFO : User Log Out Succesfully
2021-10-03 03:11:31,372 : info : INFO : User Log Out Succesfully
